     diagonalizing the dynamical matrix ...

 q =       0.0000      0.0000      0.0000
 **************************************************************************
     freq (    1) =      -0.000000 [THz] =      -0.000005 [cm-1]
 ( -0.007904   0.000000    -0.447133   0.000000    -0.003094   0.000000   )
 ( -0.007904   0.000000    -0.447133   0.000000    -0.003094   0.000000   )
 ( -0.007904   0.000000    -0.447133   0.000000    -0.003094   0.000000   )
 ( -0.007904   0.000000    -0.447133   0.000000    -0.003094   0.000000   )
 ( -0.007904   0.000000    -0.447133   0.000000    -0.003094   0.000000   )
     freq (    2) =       0.000000 [THz] =       0.000005 [cm-1]
 (  0.106928   0.000000    -0.004895   0.000000     0.434215  -0.000000   )
 (  0.106928   0.000000    -0.004895   0.000000     0.434215  -0.000000   )
 (  0.106928   0.000000    -0.004895   0.000000     0.434215  -0.000000   )
 (  0.106928   0.000000    -0.004895   0.000000     0.434215  -0.000000   )
 (  0.106928   0.000000    -0.004895   0.000000     0.434215  -0.000000   )
     freq (    3) =       0.000000 [THz] =       0.000012 [cm-1]
 ( -0.434170   0.000000     0.006935   0.000000     0.106995   0.000000   )
 ( -0.434170   0.000000     0.006935   0.000000     0.106995   0.000000   )
 ( -0.434170   0.000000     0.006935   0.000000     0.106995   0.000000   )
 ( -0.434170   0.000000     0.006935   0.000000     0.106995   0.000000   )
 ( -0.434170   0.000000     0.006935   0.000000     0.106995   0.000000   )
     freq (    4) =       2.689898 [THz] =      89.725325 [cm-1]
 ( -0.005829   0.000000     0.334094   0.000000     0.000000   0.000000   )
 (  0.003483   0.000000    -0.199627   0.000000    -0.000000   0.000000   )
 ( -0.010392   0.000000     0.595561   0.000000     0.000000   0.000000   )
 ( -0.009346   0.000000     0.454581   0.000000     0.000000   0.000000   )
 ( -0.007932   0.000000     0.535621   0.000000     0.000000   0.000000   )
     freq (    5) =       2.689898 [THz] =      89.725325 [cm-1]
 (  0.334094   0.000000     0.005829   0.000000     0.000000   0.000000   )
 ( -0.199627   0.000000    -0.003483   0.000000     0.000000   0.000000   )
 (  0.595561   0.000000     0.010392   0.000000     0.000000   0.000000   )
 (  0.535621   0.000000     0.007932   0.000000     0.000000   0.000000   )
 (  0.454581   0.000000     0.009346   0.000000     0.000000   0.000000   )
     freq (    6) =       5.852914 [THz] =     195.232189 [cm-1]
 (  0.000000   0.000000     0.000000   0.000000    -0.632280   0.000000   )
 ( -0.000000   0.000000    -0.000000   0.000000     0.242697   0.000000   )
 (  0.000000   0.000000     0.000000   0.000000    -0.530575   0.000000   )
 ( -0.000000   0.000000    -0.000000   0.000000    -0.360424   0.000000   )
 ( -0.000000   0.000000    -0.000000   0.000000    -0.360424   0.000000   )
     freq (    7) =       6.271252 [THz] =     209.186440 [cm-1]
 (  0.389922   0.000000    -0.415737   0.000000    -0.000000   0.000000   )
 ( -0.023913   0.000000     0.025496   0.000000     0.000000   0.000000   )
 ( -0.152346   0.000000     0.162433   0.000000    -0.000000   0.000000   )
 ( -0.500548   0.000000     0.217520   0.000000    -0.000000   0.000000   )
 ( -0.204013   0.000000     0.533688   0.000000    -0.000000   0.000000   )
     freq (    8) =       6.271252 [THz] =     209.186440 [cm-1]
 (  0.415737   0.000000     0.389922   0.000000     0.000000   0.000000   )
 ( -0.025496   0.000000    -0.023913   0.000000    -0.000000   0.000000   )
 ( -0.162433   0.000000    -0.152346   0.000000     0.000000   0.000000   )
 ( -0.533688   0.000000    -0.204013   0.000000     0.000000   0.000000   )
 ( -0.217520   0.000000    -0.500548   0.000000     0.000000   0.000000   )
     freq (    9) =       8.230062 [THz] =     274.525322 [cm-1]
 (  0.097333   0.000000     0.085992   0.000000    -0.000000   0.000000   )
 ( -0.010860   0.000000    -0.009594   0.000000     0.000000   0.000000   )
 ( -0.627137   0.000000    -0.554064   0.000000    -0.000000   0.000000   )
 (  0.388576   0.000000     0.077743   0.000000    -0.000000   0.000000   )
 (  0.087997   0.000000     0.343300   0.000000     0.000000   0.000000   )
     freq (   10) =       8.230062 [THz] =     274.525322 [cm-1]
 (  0.085992   0.000000    -0.097333   0.000000     0.000000  -0.000000   )
 ( -0.009594   0.000000     0.010860  -0.000000    -0.000000   0.000000   )
 ( -0.554064   0.000000     0.627137  -0.000000     0.000000   0.000000   )
 (  0.343300   0.000000    -0.087997   0.000000     0.000000  -0.000000   )
 (  0.077743  -0.000000    -0.388576   0.000000    -0.000000   0.000000   )
     freq (   11) =       8.273826 [THz] =     275.985140 [cm-1]
 ( -0.000000   0.000000     0.000000   0.000000     0.000000   0.000000   )
 (  0.000000   0.000000    -0.000000   0.000000    -0.000000   0.000000   )
 (  0.000000   0.000000    -0.000000   0.000000     0.000000   0.000000   )
 ( -0.000000   0.000000     0.000000   0.000000     0.707107   0.000000   )
 ( -0.000000   0.000000     0.000000   0.000000    -0.707107   0.000000   )
     freq (   12) =      13.362455 [THz] =     445.723509 [cm-1]
 ( -0.000000   0.000000    -0.000000   0.000000    -0.205970   0.000000   )
 ( -0.000000   0.000000    -0.000000   0.000000    -0.028454   0.000000   )
 ( -0.000000   0.000000    -0.000000   0.000000    -0.321638   0.000000   )
 ( -0.000000   0.000000     0.000000   0.000000     0.653191   0.000000   )
 (  0.000000   0.000000     0.000000   0.000000     0.653191   0.000000   )
     freq (   13) =      14.947505 [THz] =     498.595103 [cm-1]
 (  0.002818   0.000000    -0.062928   0.000000    -0.000000   0.000000   )
 (  0.000206   0.000000    -0.004592   0.000000     0.000000   0.000000   )
 (  0.008113   0.000000    -0.181184   0.000000     0.000000   0.000000   )
 (  0.019915   0.000000     0.873705   0.000000    -0.000000   0.000000   )
 ( -0.039120   0.000000    -0.444780   0.000000     0.000000   0.000000   )
     freq (   14) =      14.947505 [THz] =     498.595103 [cm-1]
 (  0.062928   0.000000     0.002818   0.000000    -0.000000   0.000000   )
 (  0.004592   0.000000     0.000206   0.000000    -0.000000   0.000000   )
 (  0.181184   0.000000     0.008113   0.000000    -0.000000   0.000000   )
 (  0.444780   0.000000    -0.039120   0.000000     0.000000   0.000000   )
 ( -0.873705   0.000000     0.019915   0.000000     0.000000   0.000000   )
     freq (   15) =      23.905321 [THz] =     797.395686 [cm-1]
 ( -0.000000   0.000000     0.000000   0.000000    -0.315123   0.000000   )
 ( -0.000000   0.000000     0.000000   0.000000    -0.012289   0.000000   )
 ( -0.000000   0.000000     0.000000   0.000000     0.942226   0.000000   )
 ( -0.000000   0.000000    -0.000000   0.000000     0.079867   0.000000   )
 (  0.000000   0.000000     0.000000   0.000000     0.079867   0.000000   )
 **************************************************************************
