     diagonalizing the dynamical matrix ...

 q =       0.0000      0.0000      0.0000
 **************************************************************************
     freq (    1) =      -0.000000 [THz] =      -0.000004 [cm-1]
 ( -0.413933   0.000000     0.057312   0.000000    -0.159294   0.000000   )
 ( -0.413933   0.000000     0.057312   0.000000    -0.159294   0.000000   )
 ( -0.413933   0.000000     0.057312   0.000000    -0.159294   0.000000   )
 ( -0.413933   0.000000     0.057312   0.000000    -0.159294   0.000000   )
 ( -0.413933   0.000000     0.057312   0.000000    -0.159294   0.000000   )
     freq (    2) =       0.000000 [THz] =       0.000001 [cm-1]
 ( -0.025579   0.000000    -0.437148   0.000000    -0.090812   0.000000   )
 ( -0.025579   0.000000    -0.437148   0.000000    -0.090812   0.000000   )
 ( -0.025579   0.000000    -0.437148   0.000000    -0.090812   0.000000   )
 ( -0.025579   0.000000    -0.437148   0.000000    -0.090812   0.000000   )
 ( -0.025579   0.000000    -0.437148   0.000000    -0.090812   0.000000   )
     freq (    3) =       0.000000 [THz] =       0.000005 [cm-1]
 (  0.167346   0.000000     0.074943   0.000000    -0.407895   0.000000   )
 (  0.167346   0.000000     0.074943   0.000000    -0.407895   0.000000   )
 (  0.167346   0.000000     0.074943   0.000000    -0.407895   0.000000   )
 (  0.167346   0.000000     0.074943   0.000000    -0.407895   0.000000   )
 (  0.167346   0.000000     0.074943   0.000000    -0.407895   0.000000   )
     freq (    4) =       2.689898 [THz] =      89.725325 [cm-1]
 (  0.000000   0.000000     0.334145   0.000000     0.000000   0.000000   )
 ( -0.000000   0.000000    -0.199657   0.000000     0.000000   0.000000   )
 (  0.000000   0.000000     0.595651   0.000000    -0.000000   0.000000   )
 (  0.000000   0.000000     0.454650   0.000000     0.000000   0.000000   )
 (  0.000000   0.000000     0.535703   0.000000    -0.000000   0.000000   )
     freq (    5) =       3.592034 [THz] =     119.817342 [cm-1]
 ( -0.664282   0.000000     0.000000   0.000000     0.000000   0.000000   )
 (  0.244010   0.000000    -0.000000   0.000000    -0.000000   0.000000   )
 ( -0.553445   0.000000     0.000000   0.000000     0.000000   0.000000   )
 ( -0.285496   0.000000     0.000000   0.000000     0.000000   0.000000   )
 ( -0.333736   0.000000     0.000000   0.000000     0.000000   0.000000   )
     freq (    6) =       4.583728 [THz] =     152.896713 [cm-1]
 (  0.000000   0.000000     0.000000   0.000000     0.412748   0.000000   )
 ( -0.000000   0.000000    -0.000000   0.000000    -0.213750   0.000000   )
 (  0.000000   0.000000     0.000000   0.000000     0.523540   0.000000   )
 (  0.000000   0.000000     0.000000   0.000000     0.504904   0.000000   )
 (  0.000000   0.000000    -0.000000   0.000000     0.504904   0.000000   )
     freq (    7) =       6.271252 [THz] =     209.186440 [cm-1]
 ( -0.000000   0.000000     0.569980   0.000000    -0.000000   0.000000   )
 ( -0.000000   0.000000    -0.034955   0.000000     0.000000   0.000000   )
 (  0.000000   0.000000    -0.222697   0.000000    -0.000000   0.000000   )
 ( -0.000000   0.000000    -0.298221   0.000000    -0.000000   0.000000   )
 ( -0.000000   0.000000    -0.731691   0.000000    -0.000000   0.000000   )
     freq (    8) =       8.214597 [THz] =     274.009470 [cm-1]
 (  0.090584   0.000000     0.000000   0.000000     0.000000   0.000000   )
 ( -0.015146   0.000000    -0.000000   0.000000     0.000000   0.000000   )
 ( -0.795598   0.000000    -0.000000   0.000000     0.000000   0.000000   )
 (  0.582695   0.000000     0.000000   0.000000    -0.000000   0.000000   )
 (  0.138042   0.000000     0.000000   0.000000     0.000000   0.000000   )
     freq (    9) =       8.230062 [THz] =     274.525322 [cm-1]
 ( -0.000000   0.000000     0.129878   0.000000     0.000000   0.000000   )
 (  0.000000   0.000000    -0.014491   0.000000    -0.000000   0.000000   )
 (  0.000000   0.000000    -0.836832   0.000000     0.000000   0.000000   )
 ( -0.000000   0.000000     0.117420   0.000000     0.000000   0.000000   )
 ( -0.000000   0.000000     0.518504   0.000000    -0.000000   0.000000   )
     freq (   10) =       8.273826 [THz] =     275.985140 [cm-1]
 (  0.000000   0.000000    -0.000000   0.000000    -0.000000   0.000000   )
 ( -0.000000   0.000000     0.000000   0.000000     0.000000   0.000000   )
 ( -0.000000   0.000000     0.000000   0.000000    -0.000000   0.000000   )
 (  0.000000   0.000000    -0.000000   0.000000     0.707107   0.000000   )
 (  0.000000   0.000000    -0.000000   0.000000    -0.707107   0.000000   )
     freq (   11) =      10.813415 [THz] =     360.696686 [cm-1]
 (  0.000000   0.000000    -0.000000   0.000000     0.428692   0.000000   )
 ( -0.000000   0.000000    -0.000000   0.000000    -0.012419   0.000000   )
 (  0.000000  -0.000000    -0.000000   0.000000     0.140291  -0.000000   )
 (  0.000000  -0.000000     0.000000   0.000000    -0.631026   0.000000   )
 ( -0.000000   0.000000     0.000000  -0.000000    -0.631026   0.000000   )
     freq (   12) =      12.508650 [THz] =     417.243641 [cm-1]
 ( -0.204767   0.000000     0.000000   0.000000    -0.000000   0.000000   )
 ( -0.019033   0.000000     0.000000   0.000000     0.000000   0.000000   )
 (  0.446244   0.000000     0.000000   0.000000    -0.000000   0.000000   )
 (  0.786674   0.000000    -0.000000   0.000000     0.000000   0.000000   )
 ( -0.373790   0.000000     0.000000   0.000000     0.000000   0.000000   )
     freq (   13) =      14.947505 [THz] =     498.595103 [cm-1]
 (  0.000000   0.000000     0.062991   0.000000     0.000000   0.000000   )
 (  0.000000   0.000000     0.004596   0.000000     0.000000   0.000000   )
 ( -0.000000   0.000000     0.181366   0.000000    -0.000000   0.000000   )
 ( -0.000000   0.000000    -0.874581   0.000000    -0.000000   0.000000   )
 (  0.000000   0.000000     0.445226   0.000000    -0.000000   0.000000   )
     freq (   14) =      20.003552 [THz] =     667.246659 [cm-1]
 (  0.000000   0.000000    -0.000000   0.000000     0.253051   0.000000   )
 (  0.000000   0.000000    -0.000000   0.000000    -0.009384   0.000000   )
 ( -0.000000   0.000000    -0.000000   0.000000    -0.942713   0.000000   )
 ( -0.000000   0.000000     0.000000   0.000000     0.153573   0.000000   )
 ( -0.000000   0.000000    -0.000000   0.000000     0.153573   0.000000   )
     freq (   15) =      20.145676 [THz] =     671.987422 [cm-1]
 (  0.273734   0.000000    -0.000000   0.000000    -0.000000   0.000000   )
 (  0.032010   0.000000    -0.000000   0.000000     0.000000   0.000000   )
 ( -0.169703   0.000000    -0.000000   0.000000     0.000000   0.000000   )
 ( -0.126097   0.000000     0.000000   0.000000    -0.000000   0.000000   )
 ( -0.937734   0.000000     0.000000   0.000000    -0.000000   0.000000   )
 **************************************************************************
