     diagonalizing the dynamical matrix ...

 q =       0.0000      0.0000      0.0000
 **************************************************************************
     freq (    1) =      -0.000000 [THz] =      -0.000004 [cm-1]
 (  0.088398   0.000000     0.019341   0.000000    -0.437963   0.000000   )
 (  0.088398   0.000000     0.019341   0.000000    -0.437963   0.000000   )
 (  0.088398   0.000000     0.019341   0.000000    -0.437963   0.000000   )
 (  0.088398   0.000000     0.019341   0.000000    -0.437963   0.000000   )
 (  0.088398   0.000000     0.019341   0.000000    -0.437963   0.000000   )
     freq (    2) =      -0.000000 [THz] =      -0.000003 [cm-1]
 (  0.396370   0.000000    -0.194397   0.000000     0.071418   0.000000   )
 (  0.396370   0.000000    -0.194397   0.000000     0.071418   0.000000   )
 (  0.396370   0.000000    -0.194397   0.000000     0.071418   0.000000   )
 (  0.396370   0.000000    -0.194397   0.000000     0.071418   0.000000   )
 (  0.396370   0.000000    -0.194397   0.000000     0.071418   0.000000   )
     freq (    3) =       0.000000 [THz] =       0.000002 [cm-1]
 ( -0.187287   0.000000    -0.402288   0.000000    -0.055568   0.000000   )
 ( -0.187287   0.000000    -0.402288   0.000000    -0.055568   0.000000   )
 ( -0.187287   0.000000    -0.402288   0.000000    -0.055568   0.000000   )
 ( -0.187287   0.000000    -0.402288   0.000000    -0.055568   0.000000   )
 ( -0.187287   0.000000    -0.402288   0.000000    -0.055568   0.000000   )
     freq (    4) =       2.689898 [THz] =      89.725325 [cm-1]
 ( -0.328483   0.000000    -0.061249   0.000000    -0.000000   0.000000   )
 (  0.196274   0.000000     0.036597   0.000000    -0.000000   0.000000   )
 ( -0.585559   0.000000    -0.109183   0.000000    -0.000000   0.000000   )
 ( -0.526626   0.000000    -0.083337   0.000000    -0.000000   0.000000   )
 ( -0.446947   0.000000    -0.098194   0.000000    -0.000000   0.000000   )
     freq (    5) =       2.689898 [THz] =      89.725325 [cm-1]
 (  0.061249   0.000000    -0.328483   0.000000    -0.000000   0.000000   )
 ( -0.036597   0.000000     0.196274   0.000000     0.000000   0.000000   )
 (  0.109183   0.000000    -0.585559   0.000000    -0.000000   0.000000   )
 (  0.098194   0.000000    -0.446947   0.000000    -0.000000   0.000000   )
 (  0.083337   0.000000    -0.526626   0.000000    -0.000000   0.000000   )
     freq (    6) =       4.583728 [THz] =     152.896713 [cm-1]
 ( -0.000000   0.000000     0.000000   0.000000    -0.412748   0.000000   )
 (  0.000000   0.000000    -0.000000   0.000000     0.213750   0.000000   )
 ( -0.000000   0.000000     0.000000   0.000000    -0.523540   0.000000   )
 ( -0.000000   0.000000     0.000000   0.000000    -0.504904   0.000000   )
 ( -0.000000   0.000000    -0.000000   0.000000    -0.504904   0.000000   )
     freq (    7) =       6.271252 [THz] =     209.186440 [cm-1]
 ( -0.072273   0.000000     0.565379  -0.000000     0.000000  -0.000000   )
 (  0.004432   0.000000    -0.034673   0.000000    -0.000000   0.000000   )
 (  0.028238   0.000000    -0.220899   0.000000     0.000000  -0.000000   )
 (  0.092778   0.000000    -0.295814   0.000000     0.000000  -0.000000   )
 (  0.037814   0.000000    -0.725785   0.000000     0.000000  -0.000000   )
     freq (    8) =       6.271252 [THz] =     209.186440 [cm-1]
 ( -0.565379   0.000000    -0.072273   0.000000     0.000000   0.000000   )
 (  0.034673  -0.000000     0.004432   0.000000    -0.000000   0.000000   )
 (  0.220899  -0.000000     0.028238   0.000000    -0.000000   0.000000   )
 (  0.725785  -0.000000     0.037814   0.000000     0.000000   0.000000   )
 (  0.295814  -0.000000     0.092778   0.000000     0.000000   0.000000   )
     freq (    9) =       8.230062 [THz] =     274.525322 [cm-1]
 ( -0.128304   0.000000     0.020160   0.000000    -0.000000   0.000000   )
 (  0.014315   0.000000    -0.002249   0.000000     0.000000   0.000000   )
 (  0.826689   0.000000    -0.129897   0.000000    -0.000000   0.000000   )
 ( -0.512219   0.000000     0.018226   0.000000     0.000000   0.000000   )
 ( -0.115997   0.000000     0.080485   0.000000    -0.000000   0.000000   )
     freq (   10) =       8.230062 [THz] =     274.525322 [cm-1]
 (  0.020160   0.000000     0.128304   0.000000    -0.000000   0.000000   )
 ( -0.002249   0.000000    -0.014315   0.000000     0.000000   0.000000   )
 ( -0.129897   0.000000    -0.826689   0.000000    -0.000000   0.000000   )
 (  0.080485   0.000000     0.115997   0.000000    -0.000000   0.000000   )
 (  0.018226   0.000000     0.512219   0.000000     0.000000   0.000000   )
     freq (   11) =       8.273826 [THz] =     275.985140 [cm-1]
 (  0.000000   0.000000     0.000000   0.000000    -0.000000   0.000000   )
 ( -0.000000   0.000000    -0.000000   0.000000    -0.000000   0.000000   )
 ( -0.000000   0.000000    -0.000000   0.000000    -0.000000   0.000000   )
 (  0.000000   0.000000     0.000000   0.000000     0.707107   0.000000   )
 (  0.000000   0.000000     0.000000   0.000000    -0.707107   0.000000   )
     freq (   12) =      10.813415 [THz] =     360.696686 [cm-1]
 ( -0.000000   0.000000    -0.000000   0.000000    -0.428692   0.000000   )
 ( -0.000000   0.000000    -0.000000   0.000000     0.012419   0.000000   )
 ( -0.000000   0.000000    -0.000000   0.000000    -0.140291   0.000000   )
 ( -0.000000   0.000000     0.000000   0.000000     0.631026   0.000000   )
 (  0.000000   0.000000     0.000000   0.000000     0.631026   0.000000   )
     freq (   13) =      14.947505 [THz] =     498.595103 [cm-1]
 ( -0.011351   0.000000    -0.061960   0.000000     0.000000   0.000000   )
 ( -0.000828   0.000000    -0.004521   0.000000     0.000000   0.000000   )
 ( -0.032681   0.000000    -0.178397   0.000000    -0.000000   0.000000   )
 ( -0.080226   0.000000     0.860265   0.000000    -0.000000   0.000000   )
 (  0.157593   0.000000    -0.437938   0.000000    -0.000000   0.000000   )
     freq (   14) =      14.947505 [THz] =     498.595103 [cm-1]
 (  0.061960   0.000000    -0.011351   0.000000    -0.000000   0.000000   )
 (  0.004521   0.000000    -0.000828   0.000000     0.000000   0.000000   )
 (  0.178397   0.000000    -0.032681   0.000000    -0.000000   0.000000   )
 (  0.437938   0.000000     0.157593   0.000000     0.000000   0.000000   )
 ( -0.860265   0.000000    -0.080226   0.000000     0.000000   0.000000   )
     freq (   15) =      20.003552 [THz] =     667.246659 [cm-1]
 ( -0.000000   0.000000     0.000000   0.000000     0.253051   0.000000   )
 ( -0.000000   0.000000     0.000000   0.000000    -0.009384   0.000000   )
 ( -0.000000   0.000000     0.000000   0.000000    -0.942713   0.000000   )
 ( -0.000000   0.000000    -0.000000   0.000000     0.153573   0.000000   )
 (  0.000000   0.000000     0.000000   0.000000     0.153573   0.000000   )
 **************************************************************************
